<?xml version="1.0" encoding="UTF-8"?>
<!-- Generated by org.testng.reporters.JUnitReportReporter -->
<testsuite hostname="Yogesh-PC" name="TestCases.WebTest" tests="3" failures="0" timestamp="8 May 2022 20:36:33 GMT" time="32.962" errors="0">
  <testcase name="userLogInTest" time="5.403" classname="TestCases.WebTest"/>
  <testcase name="checkoutTest" time="16.971" classname="TestCases.WebTest"/>
  <testcase name="userSignInTest" time="10.588" classname="TestCases.WebTest"/>
</testsuite> <!-- TestCases.WebTest -->
