<?xml version="1.0" encoding="UTF-8"?>
<!-- Generated by org.testng.reporters.JUnitReportReporter -->
<testsuite hostname="Yogesh-PC" name="TestCases.WebTest" tests="3" failures="0" timestamp="8 May 2022 20:45:16 GMT" time="33.126" errors="0">
  <testcase name="userLogInTest" time="4.667" classname="TestCases.WebTest"/>
  <testcase name="checkoutTest" time="17.496" classname="TestCases.WebTest"/>
  <testcase name="userSignInTest" time="10.963" classname="TestCases.WebTest"/>
</testsuite> <!-- TestCases.WebTest -->
